▲ Next.js 16.2.1 (Turbopack)

  Creating an optimized production build ...
✓ Compiled successfully in 6.8s
  Running TypeScript ...
  Finished TypeScript in 4.0s ...
  Collecting page data using 11 workers ...
  Generating static pages using 11 workers (0/13) ...
  Generating static pages using 11 workers (3/13) 
  Generating static pages using 11 workers (6/13) 
  Generating static pages using 11 workers (9/13) 
✓ Generating static pages using 11 workers (13/13) in 510ms
  Finalizing page optimization ...

Route (app)
┌ ○ /
├ ○ /_not-found
├ ○ /couples-planner
├ ○ /dashboard
├ ○ /fire-planner
├ ○ /life-events
├ ○ /login
├ ○ /mf-xray
├ ○ /money-health
├ ○ /register
└ ○ /tax-wizard


○  (Static)  prerendered as static content

